2015/10/10 07:17:27 running from /home/ubuntu/.heroku/heroku-cli
2015/10/10 07:17:27 Setting up node-v4.1.2...
2015/10/10 07:17:29  done
2015/10/10 07:17:29 Installing core plugins heroku-cli-addons, heroku-apps, heroku-fork, heroku-git, heroku-local, heroku-run, heroku-status...
2015/10/10 07:17:37  done
2015/10/10 07:17:37 running from /home/ubuntu/.heroku/heroku-cli
2015/10/10 07:17:37 running from /home/ubuntu/.heroku/heroku-cli
2015/10/10 07:17:37 Email: 
2015/10/10 07:20:00 running from /home/ubuntu/.heroku/heroku-cli
2015/10/10 07:21:14 running from /home/ubuntu/.heroku/heroku-cli
2015/11/07 07:25:02 running from /home/ubuntu/.heroku/heroku-cli
2015/11/07 07:25:03 Updating Heroku v4 CLI to 4.27.2-eb1b3ca (master)... 
2015/11/07 07:25:04 done
2015/11/07 07:25:04 Updating plugins... 
2015/11/07 07:25:10 done
2015/11/07 07:25:10 rebuilding plugins cache... 
2015/11/07 07:25:11 done
2015/11/07 07:25:11 running from /home/ubuntu/.heroku/heroku-cli
2015/11/07 07:25:11 Email: 
2015/11/07 07:27:32 running from /home/ubuntu/.heroku/heroku-cli
2015/11/07 07:27:32 running from /home/ubuntu/.heroku/heroku-cli
